  Ficheiros.c
C:\Users\ricar\Desktop\andré\1º ano\2º semestre\programacao\Programação_André_Castro_22768\Programação_André_Castro_22768\Ficheiros.c(52,18): warning C4133: '=': tipos incompatíveis - de 'Operacao *' para 'ListaOperacoes *'
C:\Users\ricar\Desktop\andré\1º ano\2º semestre\programacao\Programação_André_Castro_22768\Programação_André_Castro_22768\Ficheiros.c(75,18): warning C4133: '=': tipos incompatíveis - de 'job *' para 'ListaJobs *'
C:\Users\ricar\Desktop\andré\1º ano\2º semestre\programacao\Programação_André_Castro_22768\Programação_André_Castro_22768\Ficheiros.c(112,37): warning C4133: '=': tipos incompatíveis - de 'Operacao *' para 'ListaOperacoes *'
C:\Users\ricar\Desktop\andré\1º ano\2º semestre\programacao\Programação_André_Castro_22768\Programação_André_Castro_22768\Ficheiros.c(114,26): warning C4133: '=': tipos incompatíveis - de 'job *' para 'ListaJobs *'
C:\Users\ricar\Desktop\andré\1º ano\2º semestre\programacao\Programação_André_Castro_22768\Programação_André_Castro_22768\Ficheiros.c(139,34): warning C4133: 'função': tipos incompatíveis - de 'ListaJobs *' para 'Job *'
C:\Users\ricar\Desktop\andré\1º ano\2º semestre\programacao\Programação_André_Castro_22768\Programação_André_Castro_22768\Ficheiros.c(163,19): warning C4133: 'função': tipos incompatíveis - de 'ListaOperacoes *' para 'ListaJobs *'
C:\Users\ricar\Desktop\andré\1º ano\2º semestre\programacao\Programação_André_Castro_22768\Programação_André_Castro_22768\Ficheiros.c(165,42): warning C4133: 'função': tipos incompatíveis - de 'ListaOperacoes *' para 'Operacao *'
C:\Users\ricar\Desktop\andré\1º ano\2º semestre\programacao\Programação_André_Castro_22768\Programação_André_Castro_22768\Ficheiros.c(189,40): warning C4133: 'função': tipos incompatíveis - de 'ListaMaquinas *' para 'Maquina *'
C:\Users\ricar\Desktop\andré\1º ano\2º semestre\programacao\Programação_André_Castro_22768\Programação_André_Castro_22768\Ficheiros.c(194,10): warning C4133: 'return': tipos incompatíveis - de 'ListaMaquinas *' para 'ListaJobs *'
C:\Users\ricar\Desktop\andré\1º ano\2º semestre\programacao\Programação_André_Castro_22768\Programação_André_Castro_22768\Ficheiros.c(221,52): warning C4133: 'função': tipos incompatíveis - de 'int *' para 'Job *'
C:\Users\ricar\Desktop\andré\1º ano\2º semestre\programacao\Programação_André_Castro_22768\Programação_André_Castro_22768\Ficheiros.c(222,90): warning C4133: 'função': tipos incompatíveis - de 'int *' para 'Operacao *'
C:\Users\ricar\Desktop\andré\1º ano\2º semestre\programacao\Programação_André_Castro_22768\Programação_André_Castro_22768\Ficheiros.c(210,6): warning C4101: 'j': variável local não referenciada
C:\Users\ricar\Desktop\andré\1º ano\2º semestre\programacao\Programação_André_Castro_22768\Programação_André_Castro_22768\Ficheiros.c(251,23): warning C4133: 'função': tipos incompatíveis - de 'char [200]' para 'FILE *const '
C:\Users\ricar\Desktop\andré\1º ano\2º semestre\programacao\Programação_André_Castro_22768\Programação_André_Castro_22768\Ficheiros.c(256,34): warning C4133: 'função': tipos incompatíveis - de 'ListaJobs *' para 'Job *'
C:\Users\ricar\Desktop\andré\1º ano\2º semestre\programacao\Programação_André_Castro_22768\Programação_André_Castro_22768\Ficheiros.c(258,24): warning C4133: 'função': tipos incompatíveis - de 'ListaJobs *' para 'ListaOperacoes *'
C:\Users\ricar\Desktop\andré\1º ano\2º semestre\programacao\Programação_André_Castro_22768\Programação_André_Castro_22768\Ficheiros.c(261,37): warning C4133: 'função': tipos incompatíveis - de 'ListaJobs *' para 'ListaOperacoes *'
C:\Users\ricar\Desktop\andré\1º ano\2º semestre\programacao\Programação_André_Castro_22768\Programação_André_Castro_22768\Ficheiros.c(261,43): warning C4133: 'função': tipos incompatíveis - de 'ListaOperacoes *' para 'Operacao *'
C:\Users\ricar\Desktop\andré\1º ano\2º semestre\programacao\Programação_André_Castro_22768\Programação_André_Castro_22768\Ficheiros.c(261,44): warning C4133: '=': tipos incompatíveis - de 'ListaOperacoes *' para 'ListaJobs *'
C:\Users\ricar\Desktop\andré\1º ano\2º semestre\programacao\Programação_André_Castro_22768\Programação_André_Castro_22768\Ficheiros.c(263,23): warning C4133: 'função': tipos incompatíveis - de 'ListaJobs *' para 'ListaMaquinas *'
C:\Users\ricar\Desktop\andré\1º ano\2º semestre\programacao\Programação_André_Castro_22768\Programação_André_Castro_22768\Ficheiros.c(266,35): warning C4133: 'função': tipos incompatíveis - de 'ListaJobs *' para 'ListaMaquinas *'
C:\Users\ricar\Desktop\andré\1º ano\2º semestre\programacao\Programação_André_Castro_22768\Programação_André_Castro_22768\Ficheiros.c(266,41): warning C4133: 'função': tipos incompatíveis - de 'ListaMaquinas *' para 'Maquina *'
C:\Users\ricar\Desktop\andré\1º ano\2º semestre\programacao\Programação_André_Castro_22768\Programação_André_Castro_22768\Ficheiros.c(266,42): warning C4133: '=': tipos incompatíveis - de 'ListaMaquinas *' para 'ListaJobs *'
C:\Users\ricar\Desktop\andré\1º ano\2º semestre\programacao\Programação_André_Castro_22768\Programação_André_Castro_22768\Ficheiros.c(269,9): warning C4013: 'strcpy' indefinido; assumindo extern retornando int
C:\Users\ricar\Desktop\andré\1º ano\2º semestre\programacao\Programação_André_Castro_22768\Programação_André_Castro_22768\Ficheiros.c(273,31): warning C4133: 'função': tipos incompatíveis - de 'Operacao *' para 'Job *'
C:\Users\ricar\Desktop\andré\1º ano\2º semestre\programacao\Programação_André_Castro_22768\Programação_André_Castro_22768\Ficheiros.c(276,30): warning C4133: 'função': tipos incompatíveis - de 'ListaJobs *' para 'ListaOperacoes *'
C:\Users\ricar\Desktop\andré\1º ano\2º semestre\programacao\Programação_André_Castro_22768\Programação_André_Castro_22768\Ficheiros.c(276,34): warning C4133: 'função': tipos incompatíveis - de 'Maquina *' para 'Operacao *'
C:\Users\ricar\Desktop\andré\1º ano\2º semestre\programacao\Programação_André_Castro_22768\Programação_André_Castro_22768\Ficheiros.c(276,53): warning C4133: '=': tipos incompatíveis - de 'ListaOperacoes *' para 'ListaJobs *'
  Programação_André_Castro_22768.vcxproj -> C:\Users\ricar\Desktop\andré\1º ano\2º semestre\programacao\Programação_André_Castro_22768\x64\Debug\Programação_André_Castro_22768.exe
